info it worked if it ends with ok
verbose cli [ 'node', '/usr/local/bin/npm', 'install', 'xml2js' ]
info using npm@1.0.15
info using node@v0.4.9
verbose config file /Users/simonapple/.npmrc
verbose config file /usr/local/etc/npmrc
silly testEngine { name: 'node-test',
silly testEngine   version: '0.0.1',
silly testEngine   dependencies: 
silly testEngine    { connect: '1.5.1',
silly testEngine      'socket.io': '0.7.6',
silly testEngine      xml2js: '0.1.10' },
silly testEngine   _npmJsonOpts: 
silly testEngine    { file: '/Users/simonapple/github/local/HerokuTest/package.json',
silly testEngine      wscript: false,
silly testEngine      contributors: false,
silly testEngine      serverjs: false },
silly testEngine   _id: 'node-test@0.0.1',
silly testEngine   devDependencies: {},
silly testEngine   engines: { node: '*' },
silly testEngine   _engineSupported: true,
silly testEngine   _npmVersion: '1.0.15',
silly testEngine   _nodeVersion: 'v0.4.9',
silly testEngine   _defaultsLoaded: true }
verbose caching /Users/simonapple/github/local/HerokuTest/package.json
verbose loadDefaults node-test@0.0.1
verbose from cache /Users/simonapple/github/local/HerokuTest/package.json
verbose into /Users/simonapple/github/local/HerokuTest [ 'xml2js' ]
verbose cache add [ 'xml2js@0.1.10', null ]
info addNamed [ 'xml2js', '0.1.10' ]
verbose addNamed [ '0.1.10', '0.1.10' ]
verbose GET xml2js/0.1.10
verbose raw, before any munging xml2js/0.1.10
verbose url resolving [ 'http://registry.npmjs.org/', './xml2js/0.1.10' ]
verbose url resolved http://registry.npmjs.org/xml2js/0.1.10
verbose url parsed { protocol: 'http:',
verbose url parsed   slashes: true,
verbose url parsed   host: 'registry.npmjs.org',
verbose url parsed   hostname: 'registry.npmjs.org',
verbose url parsed   href: 'http://registry.npmjs.org/xml2js/0.1.10',
verbose url parsed   pathname: '/xml2js/0.1.10' }
verbose response http://registry.npmjs.org/xml2js/0.1.10
silly chunk {"error":"version not found: 0.1.10"}
silly get cb [ 404,
silly get cb   { vary: 'Accept',
silly get cb     server: 'CouchDB/1.1.0 (Erlang OTP/R14B03)',
silly get cb     etag: '"C0D0ZOJ3Q6S2VT2UZP1ORGQ2V"',
silly get cb     date: 'Tue, 05 Jul 2011 16:09:02 GMT',
silly get cb     'content-type': 'application/json',
silly get cb     'content-length': '37' } ]
ERR! Error: version not found: 0.1.10 : xml2js/0.1.10
ERR!     at IncomingMessage.<anonymous> (/usr/local/lib/node_modules/npm/lib/utils/npm-registry-client/request.js:177:16)
ERR!     at IncomingMessage.emit (events.js:81:20)
ERR!     at HTTPParser.onMessageComplete (http.js:133:23)
ERR!     at Socket.ondata (http.js:1227:22)
ERR!     at Socket._onReadable (net.js:683:27)
ERR!     at IOWatcher.onReadable [as callback] (net.js:177:10)
ERR! Report this *entire* log at:
ERR!     <http://github.com/isaacs/npm/issues>
ERR! or email it to:
ERR!     <npm-@googlegroups.com>
ERR! 
ERR! System Darwin 10.7.4
ERR! command "node" "/usr/local/bin/npm" "install" "xml2js"
verbose exit [ 1, true ]
